# JRE version: OpenJDK Runtime Environment Temurin-21.0.9+10 (21.0.9+10) (build 21.0.9+10-LTS)
# Java VM: OpenJDK 64-Bit Server VM Temurin-21.0.9+10 (21.0.9+10-LTS, mixed mode, sharing, tiered, compressed oops, compressed class ptrs, parallel gc, windows-amd64)
GC Precious Log:
 CardTable entry size: 512
 CPUs: 12 total, 12 available
 Memory: 7549M
 Large Page Support: Disabled
 NUMA Support: Disabled
 Compressed Oops: Enabled (32-bit)
 Alignments: Space 512K, Generation 512K, Heap 2M
 Heap Min Capacity: 100M
 Heap Initial Capacity: 100M
 Heap Max Capacity: 2G
 Pre-touch: Disabled
 Parallel Workers: 10
Heap:
 PSYoungGen      total 22528K, used 640K [0x00000000d5580000, 0x00000000d6e00000, 0x0000000100000000)
  eden space 20992K, 0% used [0x00000000d5580000,0x00000000d5580000,0x00000000d6a00000)
  from space 1536K, 41% used [0x00000000d6b00000,0x00000000d6ba00b8,0x00000000d6c80000)
  to   space 1024K, 0% used [0x00000000d6d00000,0x00000000d6d00000,0x00000000d6e00000)
 ParOldGen       total 68608K, used 45845K [0x0000000080000000, 0x0000000084300000, 0x00000000d5580000)
  object space 68608K, 66% used [0x0000000080000000,0x0000000082cc5758,0x0000000084300000)
 Metaspace       used 52722K, committed 54016K, reserved 1114112K
  class space    used 5797K, committed 6400K, reserved 1048576K
GC Heap History (20 events):
Event: 8.926 GC heap before
{Heap before GC invocations=21 (full 2):
 PSYoungGen      total 23552K, used 23535K [0x00000000d5580000, 0x00000000d7480000, 0x0000000100000000)
  eden space 22016K, 99% used [0x00000000d5580000,0x00000000d6afffd8,0x00000000d6b00000)
  from space 1536K, 98% used [0x00000000d7300000,0x00000000d747c010,0x00000000d7480000)
  to   space 3584K, 0% used [0x00000000d6d80000,0x00000000d6d80000,0x00000000d7100000)
 ParOldGen       total 68608K, used 28238K [0x0000000080000000, 0x0000000084300000, 0x00000000d5580000)
  object space 68608K, 41% used [0x0000000080000000,0x0000000081b938c0,0x0000000084300000)
 Metaspace       used 46591K, committed 47808K, reserved 1114112K
  class space    used 5111K, committed 5632K, reserved 1048576K
}
Event: 8.930 GC heap after
{Heap after GC invocations=21 (full 2):
 PSYoungGen      total 25600K, used 1497K [0x00000000d5580000, 0x00000000d7380000, 0x0000000100000000)
  eden space 22016K, 0% used [0x00000000d5580000,0x00000000d5580000,0x00000000d6b00000)
  from space 3584K, 41% used [0x00000000d6d80000,0x00000000d6ef65f0,0x00000000d7100000)
  to   space 2048K, 0% used [0x00000000d7180000,0x00000000d7180000,0x00000000d7380000)
 ParOldGen       total 68608K, used 29561K [0x0000000080000000, 0x0000000084300000, 0x00000000d5580000)
  object space 68608K, 43% used [0x0000000080000000,0x0000000081cde600,0x0000000084300000)
 Metaspace       used 46591K, committed 47808K, reserved 1114112K
  class space    used 5111K, committed 5632K, reserved 1048576K
}
Event: 9.485 GC heap before
{Heap before GC invocations=22 (full 2):
 PSYoungGen      total 25600K, used 23513K [0x00000000d5580000, 0x00000000d7380000, 0x0000000100000000)
  eden space 22016K, 100% used [0x00000000d5580000,0x00000000d6b00000,0x00000000d6b00000)
  from space 3584K, 41% used [0x00000000d6d80000,0x00000000d6ef65f0,0x00000000d7100000)
  to   space 2048K, 0% used [0x00000000d7180000,0x00000000d7180000,0x00000000d7380000)
 ParOldGen       total 68608K, used 29561K [0x0000000080000000, 0x0000000084300000, 0x00000000d5580000)
  object space 68608K, 43% used [0x0000000080000000,0x0000000081cde600,0x0000000084300000)
 Metaspace       used 47668K, committed 48832K, reserved 1114112K
  class space    used 5214K, committed 5696K, reserved 1048576K
}
Event: 9.489 GC heap after
{Heap after GC invocations=22 (full 2):
 PSYoungGen      total 23552K, used 1024K [0x00000000d5580000, 0x00000000d7300000, 0x0000000100000000)
  eden space 22016K, 0% used [0x00000000d5580000,0x00000000d5580000,0x00000000d6b00000)
  from space 1536K, 66% used [0x00000000d7180000,0x00000000d7280020,0x00000000d7300000)
  to   space 1536K, 0% used [0x00000000d7000000,0x00000000d7000000,0x00000000d7180000)
 ParOldGen       total 68608K, used 30780K [0x0000000080000000, 0x0000000084300000, 0x00000000d5580000)
  object space 68608K, 44% used [0x0000000080000000,0x0000000081e0f290,0x0000000084300000)
 Metaspace       used 47668K, committed 48832K, reserved 1114112K
  class space    used 5214K, committed 5696K, reserved 1048576K
}
Event: 9.768 GC heap before
{Heap before GC invocations=23 (full 2):
 PSYoungGen      total 23552K, used 23040K [0x00000000d5580000, 0x00000000d7300000, 0x0000000100000000)
  eden space 22016K, 100% used [0x00000000d5580000,0x00000000d6b00000,0x00000000d6b00000)
  from space 1536K, 66% used [0x00000000d7180000,0x00000000d7280020,0x00000000d7300000)
  to   space 1536K, 0% used [0x00000000d7000000,0x00000000d7000000,0x00000000d7180000)
 ParOldGen       total 68608K, used 30780K [0x0000000080000000, 0x0000000084300000, 0x00000000d5580000)
  object space 68608K, 44% used [0x0000000080000000,0x0000000081e0f290,0x0000000084300000)
 Metaspace       used 48432K, committed 49728K, reserved 1114112K
  class space    used 5287K, committed 5888K, reserved 1048576K
}
Event: 9.773 GC heap after
{Heap after GC invocations=23 (full 2):
 PSYoungGen      total 23552K, used 1528K [0x00000000d5580000, 0x00000000d7200000, 0x0000000100000000)
  eden space 22016K, 0% used [0x00000000d5580000,0x00000000d5580000,0x00000000d6b00000)
  from space 1536K, 99% used [0x00000000d7000000,0x00000000d717e1b8,0x00000000d7180000)
  to   space 512K, 0% used [0x00000000d7180000,0x00000000d7180000,0x00000000d7200000)
 ParOldGen       total 68608K, used 32087K [0x0000000080000000, 0x0000000084300000, 0x00000000d5580000)
  object space 68608K, 46% used [0x0000000080000000,0x0000000081f55e30,0x0000000084300000)
 Metaspace       used 48432K, committed 49728K, reserved 1114112K
  class space    used 5287K, committed 5888K, reserved 1048576K
}
Event: 9.898 GC heap before
{Heap before GC invocations=24 (full 2):
 PSYoungGen      total 23552K, used 23544K [0x00000000d5580000, 0x00000000d7200000, 0x0000000100000000)
  eden space 22016K, 100% used [0x00000000d5580000,0x00000000d6b00000,0x00000000d6b00000)
  from space 1536K, 99% used [0x00000000d7000000,0x00000000d717e1b8,0x00000000d7180000)
  to   space 512K, 0% used [0x00000000d7180000,0x00000000d7180000,0x00000000d7200000)
 ParOldGen       total 68608K, used 32087K [0x0000000080000000, 0x0000000084300000, 0x00000000d5580000)
  object space 68608K, 46% used [0x0000000080000000,0x0000000081f55e30,0x0000000084300000)
 Metaspace       used 48771K, committed 49984K, reserved 1114112K
  class space    used 5339K, committed 5888K, reserved 1048576K
}
Event: 9.904 GC heap after
{Heap after GC invocations=24 (full 2):
 PSYoungGen      total 22528K, used 480K [0x00000000d5580000, 0x00000000d7300000, 0x0000000100000000)
  eden space 22016K, 0% used [0x00000000d5580000,0x00000000d5580000,0x00000000d6b00000)
  from space 512K, 93% used [0x00000000d7180000,0x00000000d71f8020,0x00000000d7200000)
  to   space 4096K, 0% used [0x00000000d6b00000,0x00000000d6b00000,0x00000000d6f00000)
 ParOldGen       total 68608K, used 35251K [0x0000000080000000, 0x0000000084300000, 0x00000000d5580000)
  object space 68608K, 51% used [0x0000000080000000,0x000000008226cf00,0x0000000084300000)
 Metaspace       used 48771K, committed 49984K, reserved 1114112K
  class space    used 5339K, committed 5888K, reserved 1048576K
}
Event: 10.004 GC heap before
{Heap before GC invocations=25 (full 2):
 PSYoungGen      total 22528K, used 22496K [0x00000000d5580000, 0x00000000d7300000, 0x0000000100000000)
  eden space 22016K, 100% used [0x00000000d5580000,0x00000000d6b00000,0x00000000d6b00000)
  from space 512K, 93% used [0x00000000d7180000,0x00000000d71f8020,0x00000000d7200000)
  to   space 4096K, 0% used [0x00000000d6b00000,0x00000000d6b00000,0x00000000d6f00000)
 ParOldGen       total 68608K, used 35251K [0x0000000080000000, 0x0000000084300000, 0x00000000d5580000)
  object space 68608K, 51% used [0x0000000080000000,0x000000008226cf00,0x0000000084300000)
 Metaspace       used 48784K, committed 50048K, reserved 1114112K
  class space    used 5339K, committed 5888K, reserved 1048576K
}
Event: 10.008 GC heap after
{Heap after GC invocations=25 (full 2):
 PSYoungGen      total 26112K, used 2144K [0x00000000d5580000, 0x00000000d7200000, 0x0000000100000000)
  eden space 22016K, 0% used [0x00000000d5580000,0x00000000d5580000,0x00000000d6b00000)
  from space 4096K, 52% used [0x00000000d6b00000,0x00000000d6d18010,0x00000000d6f00000)
  to   space 3072K, 0% used [0x00000000d6f00000,0x00000000d6f00000,0x00000000d7200000)
 ParOldGen       total 68608K, used 35712K [0x0000000080000000, 0x0000000084300000, 0x00000000d5580000)
  object space 68608K, 52% used [0x0000000080000000,0x00000000822e0038,0x0000000084300000)
 Metaspace       used 48784K, committed 50048K, reserved 1114112K
  class space    used 5339K, committed 5888K, reserved 1048576K
}
Event: 10.088 GC heap before
{Heap before GC invocations=26 (full 2):
 PSYoungGen      total 26112K, used 24160K [0x00000000d5580000, 0x00000000d7200000, 0x0000000100000000)
  eden space 22016K, 100% used [0x00000000d5580000,0x00000000d6b00000,0x00000000d6b00000)
  from space 4096K, 52% used [0x00000000d6b00000,0x00000000d6d18010,0x00000000d6f00000)
  to   space 3072K, 0% used [0x00000000d6f00000,0x00000000d6f00000,0x00000000d7200000)
 ParOldGen       total 68608K, used 35712K [0x0000000080000000, 0x0000000084300000, 0x00000000d5580000)
  object space 68608K, 52% used [0x0000000080000000,0x00000000822e0038,0x0000000084300000)
 Metaspace       used 48802K, committed 50048K, reserved 1114112K
  class space    used 5339K, committed 5888K, reserved 1048576K
}
Event: 10.093 GC heap after
{Heap after GC invocations=26 (full 2):
 PSYoungGen      total 24576K, used 2308K [0x00000000d5580000, 0x00000000d7180000, 0x0000000100000000)
  eden space 22016K, 0% used [0x00000000d5580000,0x00000000d5580000,0x00000000d6b00000)
  from space 2560K, 90% used [0x00000000d6f00000,0x00000000d7141000,0x00000000d7180000)
  to   space 2560K, 0% used [0x00000000d6c80000,0x00000000d6c80000,0x00000000d6f00000)
 ParOldGen       total 68608K, used 37720K [0x0000000080000000, 0x0000000084300000, 0x00000000d5580000)
  object space 68608K, 54% used [0x0000000080000000,0x00000000824d6048,0x0000000084300000)
 Metaspace       used 48802K, committed 50048K, reserved 1114112K
  class space    used 5339K, committed 5888K, reserved 1048576K
}
Event: 10.150 GC heap before
{Heap before GC invocations=27 (full 2):
 PSYoungGen      total 24576K, used 24324K [0x00000000d5580000, 0x00000000d7180000, 0x0000000100000000)
  eden space 22016K, 100% used [0x00000000d5580000,0x00000000d6b00000,0x00000000d6b00000)
  from space 2560K, 90% used [0x00000000d6f00000,0x00000000d7141000,0x00000000d7180000)
  to   space 2560K, 0% used [0x00000000d6c80000,0x00000000d6c80000,0x00000000d6f00000)
 ParOldGen       total 68608K, used 37720K [0x0000000080000000, 0x0000000084300000, 0x00000000d5580000)
  object space 68608K, 54% used [0x0000000080000000,0x00000000824d6048,0x0000000084300000)
 Metaspace       used 48808K, committed 50112K, reserved 1114112K
  class space    used 5339K, committed 5888K, reserved 1048576K
}
Event: 10.156 GC heap after
{Heap after GC invocations=27 (full 2):
 PSYoungGen      total 24064K, used 2016K [0x00000000d5580000, 0x00000000d7000000, 0x0000000100000000)
  eden space 22016K, 0% used [0x00000000d5580000,0x00000000d5580000,0x00000000d6b00000)
  from space 2048K, 98% used [0x00000000d6c80000,0x00000000d6e78000,0x00000000d6e80000)
  to   space 1536K, 0% used [0x00000000d6e80000,0x00000000d6e80000,0x00000000d7000000)
 ParOldGen       total 68608K, used 39908K [0x0000000080000000, 0x0000000084300000, 0x00000000d5580000)
  object space 68608K, 58% used [0x0000000080000000,0x00000000826f9020,0x0000000084300000)
 Metaspace       used 48808K, committed 50112K, reserved 1114112K
  class space    used 5339K, committed 5888K, reserved 1048576K
}
Event: 10.267 GC heap before
{Heap before GC invocations=28 (full 2):
 PSYoungGen      total 24064K, used 24032K [0x00000000d5580000, 0x00000000d7000000, 0x0000000100000000)
  eden space 22016K, 100% used [0x00000000d5580000,0x00000000d6b00000,0x00000000d6b00000)
  from space 2048K, 98% used [0x00000000d6c80000,0x00000000d6e78000,0x00000000d6e80000)
  to   space 1536K, 0% used [0x00000000d6e80000,0x00000000d6e80000,0x00000000d7000000)
 ParOldGen       total 68608K, used 39908K [0x0000000080000000, 0x0000000084300000, 0x00000000d5580000)
  object space 68608K, 58% used [0x0000000080000000,0x00000000826f9020,0x0000000084300000)
 Metaspace       used 48858K, committed 50240K, reserved 1114112K
  class space    used 5342K, committed 5952K, reserved 1048576K
}
Event: 10.273 GC heap after
{Heap after GC invocations=28 (full 2):
 PSYoungGen      total 22528K, used 1504K [0x00000000d5580000, 0x00000000d7400000, 0x0000000100000000)
  eden space 20992K, 0% used [0x00000000d5580000,0x00000000d5580000,0x00000000d6a00000)
  from space 1536K, 97% used [0x00000000d6e80000,0x00000000d6ff8010,0x00000000d7000000)
  to   space 4608K, 0% used [0x00000000d6a00000,0x00000000d6a00000,0x00000000d6e80000)
 ParOldGen       total 68608K, used 42260K [0x0000000080000000, 0x0000000084300000, 0x00000000d5580000)
  object space 68608K, 61% used [0x0000000080000000,0x0000000082945020,0x0000000084300000)
 Metaspace       used 48858K, committed 50240K, reserved 1114112K
  class space    used 5342K, committed 5952K, reserved 1048576K
}
Event: 10.400 GC heap before
{Heap before GC invocations=29 (full 2):
 PSYoungGen      total 22528K, used 22496K [0x00000000d5580000, 0x00000000d7400000, 0x0000000100000000)
  eden space 20992K, 100% used [0x00000000d5580000,0x00000000d6a00000,0x00000000d6a00000)
  from space 1536K, 97% used [0x00000000d6e80000,0x00000000d6ff8010,0x00000000d7000000)
  to   space 4608K, 0% used [0x00000000d6a00000,0x00000000d6a00000,0x00000000d6e80000)
 ParOldGen       total 68608K, used 42260K [0x0000000080000000, 0x0000000084300000, 0x00000000d5580000)
  object space 68608K, 61% used [0x0000000080000000,0x0000000082945020,0x0000000084300000)
 Metaspace       used 49238K, committed 50560K, reserved 1114112K
  class space    used 5398K, committed 5952K, reserved 1048576K
}
Event: 10.406 GC heap after
{Heap after GC invocations=29 (full 2):
 PSYoungGen      total 23040K, used 1892K [0x00000000d5580000, 0x00000000d7000000, 0x0000000100000000)
  eden space 20992K, 0% used [0x00000000d5580000,0x00000000d5580000,0x00000000d6a00000)
  from space 2048K, 92% used [0x00000000d6a00000,0x00000000d6bd92a0,0x00000000d6c00000)
  to   space 3072K, 0% used [0x00000000d6d00000,0x00000000d6d00000,0x00000000d7000000)
 ParOldGen       total 68608K, used 43812K [0x0000000080000000, 0x0000000084300000, 0x00000000d5580000)
  object space 68608K, 63% used [0x0000000080000000,0x0000000082ac9230,0x0000000084300000)
 Metaspace       used 49238K, committed 50560K, reserved 1114112K
  class space    used 5398K, committed 5952K, reserved 1048576K
}
Event: 10.903 GC heap before
{Heap before GC invocations=30 (full 2):
 PSYoungGen      total 23040K, used 22884K [0x00000000d5580000, 0x00000000d7000000, 0x0000000100000000)
  eden space 20992K, 100% used [0x00000000d5580000,0x00000000d6a00000,0x00000000d6a00000)
  from space 2048K, 92% used [0x00000000d6a00000,0x00000000d6bd92a0,0x00000000d6c00000)
  to   space 3072K, 0% used [0x00000000d6d00000,0x00000000d6d00000,0x00000000d7000000)
 ParOldGen       total 68608K, used 43812K [0x0000000080000000, 0x0000000084300000, 0x00000000d5580000)
  object space 68608K, 63% used [0x0000000080000000,0x0000000082ac9230,0x0000000084300000)
 Metaspace       used 50925K, committed 52160K, reserved 1114112K
  class space    used 5632K, committed 6208K, reserved 1048576K
}
Event: 10.905 GC heap after
{Heap after GC invocations=30 (full 2):
 PSYoungGen      total 22016K, used 628K [0x00000000d5580000, 0x00000000d6e00000, 0x0000000100000000)
  eden space 20992K, 0% used [0x00000000d5580000,0x00000000d5580000,0x00000000d6a00000)
  from space 1024K, 61% used [0x00000000d6d00000,0x00000000d6d9d3c8,0x00000000d6e00000)
  to   space 1536K, 0% used [0x00000000d6b00000,0x00000000d6b00000,0x00000000d6c80000)
 ParOldGen       total 68608K, used 45369K [0x0000000080000000, 0x0000000084300000, 0x00000000d5580000)
  object space 68608K, 66% used [0x0000000080000000,0x0000000082c4e4f8,0x0000000084300000)
 Metaspace       used 50925K, committed 52160K, reserved 1114112K
  class space    used 5632K, committed 6208K, reserved 1048576K
}

